The system is: Darwin - 13.1.0 - i386
Compiling the C compiler identification source file "CMakeCCompilerId.c" succeeded.
Compiler:  
Build flags: 
Id flags: 

The output was:
0
2014-11-15 19:15:49.441 xcodebuild[17944:1007] Error loading /Users/yanzixu/Library/Application Support/Developer/Shared/Xcode/Plug-ins/CodePilot3.xcplugin/Contents/MacOS/CodePilot3:  dlopen(/Users/yanzixu/Library/Application Support/Developer/Shared/Xcode/Plug-ins/CodePilot3.xcplugin/Contents/MacOS/CodePilot3, 265): Symbol not found: _OBJC_CLASS_$_IDESourceCodeDocument
  Referenced from: /Users/yanzixu/Library/Application Support/Developer/Shared/Xcode/Plug-ins/CodePilot3.xcplugin/Contents/MacOS/CodePilot3
  Expected in: flat namespace
 in /Users/yanzixu/Library/Application Support/Developer/Shared/Xcode/Plug-ins/CodePilot3.xcplugin/Contents/MacOS/CodePilot3
2014-11-15 19:15:49.442 xcodebuild[17944:1007] WARNING: Failed to load plugin at: /Users/yanzixu/Library/Application Support/Developer/Shared/Xcode/Plug-ins/CodePilot3.xcplugin, skipping.  Could not load bundle.
=== BUILD TARGET CompilerIdC OF PROJECT CompilerIdC WITH THE DEFAULT CONFIGURATION (Debug) ===

Check dependencies

CompileC ./CompilerIdC.build/Debug/CompilerIdC.build/Objects-normal/i386/CMakeCCompilerId.o CMakeCCompilerId.c normal i386 c com.apple.compilers.llvm.clang.1_0.compiler
    cd /Users/yanzixu/Documents/LazGUI/BUILD/CMakeFiles/2.8.12.2/CompilerIdC
    setenv LANG en_US.US-ASCII
    /Applications/Xcode.app/Contents/Developer/Toolchains/XcodeDefault.xctoolchain/usr/bin/clang -x c -arch i386 -fmessage-length=0 -fdiagnostics-show-note-include-stack -fmacro-backtrace-limit=0 -Wno-trigraphs -fpascal-strings -Os -Wno-missing-field-initializers -Wno-missing-prototypes -Wno-return-type -Wno-missing-braces -Wparentheses -Wswitch -Wno-unused-function -Wno-unused-label -Wno-unused-parameter -Wno-unused-variable -Wunused-value -Wno-empty-body -Wno-uninitialized -Wno-unknown-pragmas -Wno-shadow -Wno-four-char-constants -Wno-conversion -Wno-constant-conversion -Wno-int-conversion -Wno-bool-conversion -Wno-enum-conversion -Wno-shorten-64-to-32 -Wpointer-sign -Wno-newline-eof -isysroot /Applications/Xcode.app/Contents/Developer/Platforms/MacOSX.platform/Developer/SDKs/MacOSX10.9.sdk -fasm-blocks -fstrict-aliasing -Wdeprecated-declarations -mmacosx-version-min=10.9 -g -fvisibility=hidden -Wno-sign-conversion -I/Users/yanzixu/Documents/LazGUI/BUILD/CMakeFiles/2.8.12.2/CompilerIdC/./CompilerIdC.build/Debug/CompilerIdC.build/CompilerIdC.hmap -I/Users/yanzixu/Documents/LazGUI/BUILD/CMakeFiles/2.8.12.2/CompilerIdC/include -I/Applications/Xcode.app/Contents/Developer/Toolchains/XcodeDefault.xctoolchain/usr/include -I/Users/yanzixu/Documents/LazGUI/BUILD/CMakeFiles/2.8.12.2/CompilerIdC/./CompilerIdC.build/Debug/CompilerIdC.build/DerivedSources/i386 -I/Users/yanzixu/Documents/LazGUI/BUILD/CMakeFiles/2.8.12.2/CompilerIdC/./CompilerIdC.build/Debug/CompilerIdC.build/DerivedSources -F/Users/yanzixu/Documents/LazGUI/BUILD/CMakeFiles/2.8.12.2/CompilerIdC -MMD -MT dependencies -MF /Users/yanzixu/Documents/LazGUI/BUILD/CMakeFiles/2.8.12.2/CompilerIdC/./CompilerIdC.build/Debug/CompilerIdC.build/Objects-normal/i386/CMakeCCompilerId.d --serialize-diagnostics /Users/yanzixu/Documents/LazGUI/BUILD/CMakeFiles/2.8.12.2/CompilerIdC/./CompilerIdC.build/Debug/CompilerIdC.build/Objects-normal/i386/CMakeCCompilerId.dia -c /Users/yanzixu/Documents/LazGUI/BUILD/CMakeFiles/2.8.12.2/CompilerIdC/CMakeCCompilerId.c -o /Users/yanzixu/Documents/LazGUI/BUILD/CMakeFiles/2.8.12.2/CompilerIdC/CompilerIdC.build/Debug/CompilerIdC.build/Objects-normal/i386/CMakeCCompilerId.o

Ld ./CompilerIdC normal i386
    cd /Users/yanzixu/Documents/LazGUI/BUILD/CMakeFiles/2.8.12.2/CompilerIdC
    setenv MACOSX_DEPLOYMENT_TARGET 10.9
    /Applications/Xcode.app/Contents/Developer/Toolchains/XcodeDefault.xctoolchain/usr/bin/clang -arch i386 -isysroot /Applications/Xcode.app/Contents/Developer/Platforms/MacOSX.platform/Developer/SDKs/MacOSX10.9.sdk -L/Users/yanzixu/Documents/LazGUI/BUILD/CMakeFiles/2.8.12.2/CompilerIdC -F/Users/yanzixu/Documents/LazGUI/BUILD/CMakeFiles/2.8.12.2/CompilerIdC -filelist /Users/yanzixu/Documents/LazGUI/BUILD/CMakeFiles/2.8.12.2/CompilerIdC/./CompilerIdC.build/Debug/CompilerIdC.build/Objects-normal/i386/CompilerIdC.LinkFileList -mmacosx-version-min=10.9 -Xlinker -dependency_info -Xlinker /Users/yanzixu/Documents/LazGUI/BUILD/CMakeFiles/2.8.12.2/CompilerIdC/./CompilerIdC.build/Debug/CompilerIdC.build/Objects-normal/i386/CompilerIdC_dependency_info.dat -o /Users/yanzixu/Documents/LazGUI/BUILD/CMakeFiles/2.8.12.2/CompilerIdC/./CompilerIdC

PhaseScriptExecution Run\ Script ./CompilerIdC.build/Debug/CompilerIdC.build/Script-2C8FEB8E15DC1A1A00E56A5D.sh
    cd /Users/yanzixu/Documents/LazGUI/BUILD/CMakeFiles/2.8.12.2/CompilerIdC
    /bin/sh -c /Users/yanzixu/Documents/LazGUI/BUILD/CMakeFiles/2.8.12.2/CompilerIdC/./CompilerIdC.build/Debug/CompilerIdC.build/Script-2C8FEB8E15DC1A1A00E56A5D.sh
GCC_VERSION=com.apple.compilers.llvm.clang.1_0

** BUILD SUCCEEDED **



Compilation of the C compiler identification source "CMakeCCompilerId.c" produced "CompilerIdC"

The C compiler identification is Clang, found in "/Users/yanzixu/Documents/LazGUI/BUILD/CMakeFiles/2.8.12.2/CompilerIdC/CompilerIdC"

Compiling the CXX compiler identification source file "CMakeCXXCompilerId.cpp" succeeded.
Compiler:  
Build flags: 
Id flags: 

The output was:
0
2014-11-15 19:15:49.813 xcodebuild[17955:1007] Error loading /Users/yanzixu/Library/Application Support/Developer/Shared/Xcode/Plug-ins/CodePilot3.xcplugin/Contents/MacOS/CodePilot3:  dlopen(/Users/yanzixu/Library/Application Support/Developer/Shared/Xcode/Plug-ins/CodePilot3.xcplugin/Contents/MacOS/CodePilot3, 265): Symbol not found: _OBJC_CLASS_$_IDESourceCodeDocument
  Referenced from: /Users/yanzixu/Library/Application Support/Developer/Shared/Xcode/Plug-ins/CodePilot3.xcplugin/Contents/MacOS/CodePilot3
  Expected in: flat namespace
 in /Users/yanzixu/Library/Application Support/Developer/Shared/Xcode/Plug-ins/CodePilot3.xcplugin/Contents/MacOS/CodePilot3
2014-11-15 19:15:49.813 xcodebuild[17955:1007] WARNING: Failed to load plugin at: /Users/yanzixu/Library/Application Support/Developer/Shared/Xcode/Plug-ins/CodePilot3.xcplugin, skipping.  Could not load bundle.
=== BUILD TARGET CompilerIdCXX OF PROJECT CompilerIdCXX WITH THE DEFAULT CONFIGURATION (Debug) ===

Check dependencies

CompileC ./CompilerIdCXX.build/Debug/CompilerIdCXX.build/Objects-normal/i386/CMakeCXXCompilerId.o CMakeCXXCompilerId.cpp normal i386 c++ com.apple.compilers.llvm.clang.1_0.compiler
    cd /Users/yanzixu/Documents/LazGUI/BUILD/CMakeFiles/2.8.12.2/CompilerIdCXX
    setenv LANG en_US.US-ASCII
    /Applications/Xcode.app/Contents/Developer/Toolchains/XcodeDefault.xctoolchain/usr/bin/clang -x c++ -arch i386 -fmessage-length=0 -fdiagnostics-show-note-include-stack -fmacro-backtrace-limit=0 -Wno-trigraphs -fpascal-strings -Os -Wno-missing-field-initializers -Wno-missing-prototypes -Wno-return-type -Wno-non-virtual-dtor -Wno-overloaded-virtual -Wno-exit-time-destructors -Wno-missing-braces -Wparentheses -Wswitch -Wno-unused-function -Wno-unused-label -Wno-unused-parameter -Wno-unused-variable -Wunused-value -Wno-empty-body -Wno-uninitialized -Wno-unknown-pragmas -Wno-shadow -Wno-four-char-constants -Wno-conversion -Wno-constant-conversion -Wno-int-conversion -Wno-bool-conversion -Wno-enum-conversion -Wno-shorten-64-to-32 -Wno-newline-eof -Wno-c++11-extensions -isysroot /Applications/Xcode.app/Contents/Developer/Platforms/MacOSX.platform/Developer/SDKs/MacOSX10.9.sdk -fasm-blocks -fstrict-aliasing -Wdeprecated-declarations -Winvalid-offsetof -mmacosx-version-min=10.9 -g -fvisibility=hidden -fvisibility-inlines-hidden -Wno-sign-conversion -I/Users/yanzixu/Documents/LazGUI/BUILD/CMakeFiles/2.8.12.2/CompilerIdCXX/./CompilerIdCXX.build/Debug/CompilerIdCXX.build/CompilerIdCXX.hmap -I/Users/yanzixu/Documents/LazGUI/BUILD/CMakeFiles/2.8.12.2/CompilerIdCXX/include -I/Applications/Xcode.app/Contents/Developer/Toolchains/XcodeDefault.xctoolchain/usr/include -I/Users/yanzixu/Documents/LazGUI/BUILD/CMakeFiles/2.8.12.2/CompilerIdCXX/./CompilerIdCXX.build/Debug/CompilerIdCXX.build/DerivedSources/i386 -I/Users/yanzixu/Documents/LazGUI/BUILD/CMakeFiles/2.8.12.2/CompilerIdCXX/./CompilerIdCXX.build/Debug/CompilerIdCXX.build/DerivedSources -F/Users/yanzixu/Documents/LazGUI/BUILD/CMakeFiles/2.8.12.2/CompilerIdCXX -MMD -MT dependencies -MF /Users/yanzixu/Documents/LazGUI/BUILD/CMakeFiles/2.8.12.2/CompilerIdCXX/./CompilerIdCXX.build/Debug/CompilerIdCXX.build/Objects-normal/i386/CMakeCXXCompilerId.d --serialize-diagnostics /Users/yanzixu/Documents/LazGUI/BUILD/CMakeFiles/2.8.12.2/CompilerIdCXX/./CompilerIdCXX.build/Debug/CompilerIdCXX.build/Objects-normal/i386/CMakeCXXCompilerId.dia -c /Users/yanzixu/Documents/LazGUI/BUILD/CMakeFiles/2.8.12.2/CompilerIdCXX/CMakeCXXCompilerId.cpp -o /Users/yanzixu/Documents/LazGUI/BUILD/CMakeFiles/2.8.12.2/CompilerIdCXX/CompilerIdCXX.build/Debug/CompilerIdCXX.build/Objects-normal/i386/CMakeCXXCompilerId.o

Ld ./CompilerIdCXX normal i386
    cd /Users/yanzixu/Documents/LazGUI/BUILD/CMakeFiles/2.8.12.2/CompilerIdCXX
    setenv MACOSX_DEPLOYMENT_TARGET 10.9
    /Applications/Xcode.app/Contents/Developer/Toolchains/XcodeDefault.xctoolchain/usr/bin/clang++ -arch i386 -isysroot /Applications/Xcode.app/Contents/Developer/Platforms/MacOSX.platform/Developer/SDKs/MacOSX10.9.sdk -L/Users/yanzixu/Documents/LazGUI/BUILD/CMakeFiles/2.8.12.2/CompilerIdCXX -F/Users/yanzixu/Documents/LazGUI/BUILD/CMakeFiles/2.8.12.2/CompilerIdCXX -filelist /Users/yanzixu/Documents/LazGUI/BUILD/CMakeFiles/2.8.12.2/CompilerIdCXX/./CompilerIdCXX.build/Debug/CompilerIdCXX.build/Objects-normal/i386/CompilerIdCXX.LinkFileList -mmacosx-version-min=10.9 -Xlinker -dependency_info -Xlinker /Users/yanzixu/Documents/LazGUI/BUILD/CMakeFiles/2.8.12.2/CompilerIdCXX/./CompilerIdCXX.build/Debug/CompilerIdCXX.build/Objects-normal/i386/CompilerIdCXX_dependency_info.dat -o /Users/yanzixu/Documents/LazGUI/BUILD/CMakeFiles/2.8.12.2/CompilerIdCXX/./CompilerIdCXX

PhaseScriptExecution Run\ Script ./CompilerIdCXX.build/Debug/CompilerIdCXX.build/Script-2C8FEB8E15DC1A1A00E56A5D.sh
    cd /Users/yanzixu/Documents/LazGUI/BUILD/CMakeFiles/2.8.12.2/CompilerIdCXX
    /bin/sh -c /Users/yanzixu/Documents/LazGUI/BUILD/CMakeFiles/2.8.12.2/CompilerIdCXX/./CompilerIdCXX.build/Debug/CompilerIdCXX.build/Script-2C8FEB8E15DC1A1A00E56A5D.sh
GCC_VERSION=com.apple.compilers.llvm.clang.1_0

** BUILD SUCCEEDED **



Compilation of the CXX compiler identification source "CMakeCXXCompilerId.cpp" produced "CompilerIdCXX"

The CXX compiler identification is Clang, found in "/Users/yanzixu/Documents/LazGUI/BUILD/CMakeFiles/2.8.12.2/CompilerIdCXX/CompilerIdCXX"

Determining if the C compiler works passed with the following output:
Change Dir: /Users/yanzixu/Documents/LazGUI/BUILD/CMakeFiles/CMakeTmp

Run Build Command:/Applications/CMake\ 2.8-12.app/Contents/bin/cmakexbuild -project CMAKE_TRY_COMPILE.xcodeproj build -target cmTryCompileExec2061863570 -configuration Debug
2014-11-15 19:15:50.242 xcodebuild[17973:1007] Error loading /Users/yanzixu/Library/Application Support/Developer/Shared/Xcode/Plug-ins/CodePilot3.xcplugin/Contents/MacOS/CodePilot3:  dlopen(/Users/yanzixu/Library/Application Support/Developer/Shared/Xcode/Plug-ins/CodePilot3.xcplugin/Contents/MacOS/CodePilot3, 265): Symbol not found: _OBJC_CLASS_$_IDESourceCodeDocument
  Referenced from: /Users/yanzixu/Library/Application Support/Developer/Shared/Xcode/Plug-ins/CodePilot3.xcplugin/Contents/MacOS/CodePilot3
  Expected in: flat namespace
 in /Users/yanzixu/Library/Application Support/Developer/Shared/Xcode/Plug-ins/CodePilot3.xcplugin/Contents/MacOS/CodePilot3
2014-11-15 19:15:50.242 xcodebuild[17973:1007] WARNING: Failed to load plugin at: /Users/yanzixu/Library/Application Support/Developer/Shared/Xcode/Plug-ins/CodePilot3.xcplugin, skipping.  Could not load bundle.
=== BUILD TARGET cmTryCompileExec2061863570 OF PROJECT CMAKE_TRY_COMPILE WITH CONFIGURATION Debug ===

Check dependencies

CompileC CMAKE_TRY_COMPILE.build/Debug/cmTryCompileExec2061863570.build/Objects-normal/x86_64/testCCompiler.o testCCompiler.c normal x86_64 c com.apple.compilers.llvm.clang.1_0.compiler
    cd /Users/yanzixu/Documents/LazGUI/BUILD/CMakeFiles/CMakeTmp
    /Applications/Xcode.app/Contents/Developer/Toolchains/XcodeDefault.xctoolchain/usr/bin/clang -x c -arch x86_64 -fmessage-length=0 -fdiagnostics-show-note-include-stack -fmacro-backtrace-limit=0 -Wno-trigraphs -fpascal-strings -O0 -Wno-missing-field-initializers -Wno-missing-prototypes -Wno-return-type -Wno-missing-braces -Wparentheses -Wswitch -Wno-unused-function -Wno-unused-label -Wno-unused-parameter -Wno-unused-variable -Wunused-value -Wno-empty-body -Wno-uninitialized -Wno-unknown-pragmas -Wno-shadow -Wno-four-char-constants -Wno-conversion -Wno-constant-conversion -Wno-int-conversion -Wno-bool-conversion -Wno-enum-conversion -Wno-shorten-64-to-32 -Wpointer-sign -Wno-newline-eof -DCMAKE_INTDIR=\"Debug\" -isysroot /Applications/Xcode.app/Contents/Developer/Platforms/MacOSX.platform/Developer/SDKs/MacOSX10.9.sdk -fasm-blocks -fstrict-aliasing -Wdeprecated-declarations -mmacosx-version-min=10.9 -g -Wno-sign-conversion -I/Users/yanzixu/Documents/LazGUI/BUILD/CMakeFiles/CMakeTmp/Debug/include -I/Applications/Xcode.app/Contents/Developer/Toolchains/XcodeDefault.xctoolchain/usr/include -I/Users/yanzixu/Documents/LazGUI/BUILD/CMakeFiles/CMakeTmp/CMAKE_TRY_COMPILE.build/Debug/cmTryCompileExec2061863570.build/DerivedSources/x86_64 -I/Users/yanzixu/Documents/LazGUI/BUILD/CMakeFiles/CMakeTmp/CMAKE_TRY_COMPILE.build/Debug/cmTryCompileExec2061863570.build/DerivedSources -Wmost -Wno-four-char-constants -Wno-unknown-pragmas -F/Users/yanzixu/Documents/LazGUI/BUILD/CMakeFiles/CMakeTmp/Debug -MMD -MT dependencies -MF /Users/yanzixu/Documents/LazGUI/BUILD/CMakeFiles/CMakeTmp/CMAKE_TRY_COMPILE.build/Debug/cmTryCompileExec2061863570.build/Objects-normal/x86_64/testCCompiler.d --serialize-diagnostics /Users/yanzixu/Documents/LazGUI/BUILD/CMakeFiles/CMakeTmp/CMAKE_TRY_COMPILE.build/Debug/cmTryCompileExec2061863570.build/Objects-normal/x86_64/testCCompiler.dia -c /Users/yanzixu/Documents/LazGUI/BUILD/CMakeFiles/CMakeTmp/testCCompiler.c -o /Users/yanzixu/Documents/LazGUI/BUILD/CMakeFiles/CMakeTmp/CMAKE_TRY_COMPILE.build/Debug/cmTryCompileExec2061863570.build/Objects-normal/x86_64/testCCompiler.o

Ld Debug/cmTryCompileExec2061863570 normal x86_64
    cd /Users/yanzixu/Documents/LazGUI/BUILD/CMakeFiles/CMakeTmp
    /Applications/Xcode.app/Contents/Developer/Toolchains/XcodeDefault.xctoolchain/usr/bin/clang -arch x86_64 -isysroot /Applications/Xcode.app/Contents/Developer/Platforms/MacOSX.platform/Developer/SDKs/MacOSX10.9.sdk -L/Users/yanzixu/Documents/LazGUI/BUILD/CMakeFiles/CMakeTmp/Debug -F/Users/yanzixu/Documents/LazGUI/BUILD/CMakeFiles/CMakeTmp/Debug -filelist /Users/yanzixu/Documents/LazGUI/BUILD/CMakeFiles/CMakeTmp/CMAKE_TRY_COMPILE.build/Debug/cmTryCompileExec2061863570.build/Objects-normal/x86_64/cmTryCompileExec2061863570.LinkFileList -mmacosx-version-min=10.9 -Wl,-search_paths_first -Wl,-headerpad_max_install_names -Xlinker -dependency_info -Xlinker /Users/yanzixu/Documents/LazGUI/BUILD/CMakeFiles/CMakeTmp/CMAKE_TRY_COMPILE.build/Debug/cmTryCompileExec2061863570.build/Objects-normal/x86_64/cmTryCompileExec2061863570_dependency_info.dat -o /Users/yanzixu/Documents/LazGUI/BUILD/CMakeFiles/CMakeTmp/Debug/cmTryCompileExec2061863570

** BUILD SUCCEEDED **



Detecting C compiler ABI info compiled with the following output:
Change Dir: /Users/yanzixu/Documents/LazGUI/BUILD/CMakeFiles/CMakeTmp

Run Build Command:/Applications/CMake\ 2.8-12.app/Contents/bin/cmakexbuild -project CMAKE_TRY_COMPILE.xcodeproj build -target cmTryCompileExec3314434415 -configuration Debug
2014-11-15 19:15:50.638 xcodebuild[17987:1007] Error loading /Users/yanzixu/Library/Application Support/Developer/Shared/Xcode/Plug-ins/CodePilot3.xcplugin/Contents/MacOS/CodePilot3:  dlopen(/Users/yanzixu/Library/Application Support/Developer/Shared/Xcode/Plug-ins/CodePilot3.xcplugin/Contents/MacOS/CodePilot3, 265): Symbol not found: _OBJC_CLASS_$_IDESourceCodeDocument
  Referenced from: /Users/yanzixu/Library/Application Support/Developer/Shared/Xcode/Plug-ins/CodePilot3.xcplugin/Contents/MacOS/CodePilot3
  Expected in: flat namespace
 in /Users/yanzixu/Library/Application Support/Developer/Shared/Xcode/Plug-ins/CodePilot3.xcplugin/Contents/MacOS/CodePilot3
2014-11-15 19:15:50.639 xcodebuild[17987:1007] WARNING: Failed to load plugin at: /Users/yanzixu/Library/Application Support/Developer/Shared/Xcode/Plug-ins/CodePilot3.xcplugin, skipping.  Could not load bundle.
=== BUILD TARGET cmTryCompileExec3314434415 OF PROJECT CMAKE_TRY_COMPILE WITH CONFIGURATION Debug ===

Check dependencies

CompileC CMAKE_TRY_COMPILE.build/Debug/cmTryCompileExec3314434415.build/Objects-normal/x86_64/CMakeCCompilerABI.o /Applications/CMake\ 2.8-12.app/Contents/share/cmake-2.8/Modules/CMakeCCompilerABI.c normal x86_64 c com.apple.compilers.llvm.clang.1_0.compiler
    cd /Users/yanzixu/Documents/LazGUI/BUILD/CMakeFiles/CMakeTmp
    /Applications/Xcode.app/Contents/Developer/Toolchains/XcodeDefault.xctoolchain/usr/bin/clang -x c -arch x86_64 -fmessage-length=0 -fdiagnostics-show-note-include-stack -fmacro-backtrace-limit=0 -Wno-trigraphs -fpascal-strings -O0 -Wno-missing-field-initializers -Wno-missing-prototypes -Wno-return-type -Wno-missing-braces -Wparentheses -Wswitch -Wno-unused-function -Wno-unused-label -Wno-unused-parameter -Wno-unused-variable -Wunused-value -Wno-empty-body -Wno-uninitialized -Wno-unknown-pragmas -Wno-shadow -Wno-four-char-constants -Wno-conversion -Wno-constant-conversion -Wno-int-conversion -Wno-bool-conversion -Wno-enum-conversion -Wno-shorten-64-to-32 -Wpointer-sign -Wno-newline-eof -DCMAKE_INTDIR=\"Debug\" -isysroot /Applications/Xcode.app/Contents/Developer/Platforms/MacOSX.platform/Developer/SDKs/MacOSX10.9.sdk -fasm-blocks -fstrict-aliasing -Wdeprecated-declarations -mmacosx-version-min=10.9 -g -Wno-sign-conversion -I/Users/yanzixu/Documents/LazGUI/BUILD/CMakeFiles/CMakeTmp/Debug/include -I/Applications/Xcode.app/Contents/Developer/Toolchains/XcodeDefault.xctoolchain/usr/include -I/Users/yanzixu/Documents/LazGUI/BUILD/CMakeFiles/CMakeTmp/CMAKE_TRY_COMPILE.build/Debug/cmTryCompileExec3314434415.build/DerivedSources/x86_64 -I/Users/yanzixu/Documents/LazGUI/BUILD/CMakeFiles/CMakeTmp/CMAKE_TRY_COMPILE.build/Debug/cmTryCompileExec3314434415.build/DerivedSources -Wmost -Wno-four-char-constants -Wno-unknown-pragmas -F/Users/yanzixu/Documents/LazGUI/BUILD/CMakeFiles/CMakeTmp/Debug -MMD -MT dependencies -MF /Users/yanzixu/Documents/LazGUI/BUILD/CMakeFiles/CMakeTmp/CMAKE_TRY_COMPILE.build/Debug/cmTryCompileExec3314434415.build/Objects-normal/x86_64/CMakeCCompilerABI.d --serialize-diagnostics /Users/yanzixu/Documents/LazGUI/BUILD/CMakeFiles/CMakeTmp/CMAKE_TRY_COMPILE.build/Debug/cmTryCompileExec3314434415.build/Objects-normal/x86_64/CMakeCCompilerABI.dia -c /Applications/CMake\ 2.8-12.app/Contents/share/cmake-2.8/Modules/CMakeCCompilerABI.c -o /Users/yanzixu/Documents/LazGUI/BUILD/CMakeFiles/CMakeTmp/CMAKE_TRY_COMPILE.build/Debug/cmTryCompileExec3314434415.build/Objects-normal/x86_64/CMakeCCompilerABI.o

Ld Debug/cmTryCompileExec3314434415 normal x86_64
    cd /Users/yanzixu/Documents/LazGUI/BUILD/CMakeFiles/CMakeTmp
    /Applications/Xcode.app/Contents/Developer/Toolchains/XcodeDefault.xctoolchain/usr/bin/clang -arch x86_64 -isysroot /Applications/Xcode.app/Contents/Developer/Platforms/MacOSX.platform/Developer/SDKs/MacOSX10.9.sdk -L/Users/yanzixu/Documents/LazGUI/BUILD/CMakeFiles/CMakeTmp/Debug -F/Users/yanzixu/Documents/LazGUI/BUILD/CMakeFiles/CMakeTmp/Debug -filelist /Users/yanzixu/Documents/LazGUI/BUILD/CMakeFiles/CMakeTmp/CMAKE_TRY_COMPILE.build/Debug/cmTryCompileExec3314434415.build/Objects-normal/x86_64/cmTryCompileExec3314434415.LinkFileList -mmacosx-version-min=10.9 -v -Wl,-v -Wl,-search_paths_first -Wl,-headerpad_max_install_names -Xlinker -dependency_info -Xlinker /Users/yanzixu/Documents/LazGUI/BUILD/CMakeFiles/CMakeTmp/CMAKE_TRY_COMPILE.build/Debug/cmTryCompileExec3314434415.build/Objects-normal/x86_64/cmTryCompileExec3314434415_dependency_info.dat -o /Users/yanzixu/Documents/LazGUI/BUILD/CMakeFiles/CMakeTmp/Debug/cmTryCompileExec3314434415
Apple LLVM version 5.0 (clang-500.2.79) (based on LLVM 3.3svn)
Target: x86_64-apple-darwin13.1.0
Thread model: posix
 "/Applications/Xcode.app/Contents/Developer/Toolchains/XcodeDefault.xctoolchain/usr/bin/ld" -demangle -dynamic -arch x86_64 -macosx_version_min 10.9.0 -syslibroot /Applications/Xcode.app/Contents/Developer/Platforms/MacOSX.platform/Developer/SDKs/MacOSX10.9.sdk -o /Users/yanzixu/Documents/LazGUI/BUILD/CMakeFiles/CMakeTmp/Debug/cmTryCompileExec3314434415 -L/Users/yanzixu/Documents/LazGUI/BUILD/CMakeFiles/CMakeTmp/Debug -filelist /Users/yanzixu/Documents/LazGUI/BUILD/CMakeFiles/CMakeTmp/CMAKE_TRY_COMPILE.build/Debug/cmTryCompileExec3314434415.build/Objects-normal/x86_64/cmTryCompileExec3314434415.LinkFileList -v -search_paths_first -headerpad_max_install_names -dependency_info /Users/yanzixu/Documents/LazGUI/BUILD/CMakeFiles/CMakeTmp/CMAKE_TRY_COMPILE.build/Debug/cmTryCompileExec3314434415.build/Objects-normal/x86_64/cmTryCompileExec3314434415_dependency_info.dat -lSystem /Applications/Xcode.app/Contents/Developer/Toolchains/XcodeDefault.xctoolchain/usr/bin/../lib/clang/5.0/lib/darwin/libclang_rt.osx.a -F/Users/yanzixu/Documents/LazGUI/BUILD/CMakeFiles/CMakeTmp/Debug
@(#)PROGRAM:ld  PROJECT:ld64-224.1
configured to support archs: armv6 armv7 armv7s arm64 i386 x86_64 armv6m armv7m armv7em
Library search paths:
	/Users/yanzixu/Documents/LazGUI/BUILD/CMakeFiles/CMakeTmp/Debug
	/Applications/Xcode.app/Contents/Developer/Platforms/MacOSX.platform/Developer/SDKs/MacOSX10.9.sdk/usr/lib
Framework search paths:
	/Users/yanzixu/Documents/LazGUI/BUILD/CMakeFiles/CMakeTmp/Debug
	/Applications/Xcode.app/Contents/Developer/Platforms/MacOSX.platform/Developer/SDKs/MacOSX10.9.sdk/System/Library/Frameworks/

** BUILD SUCCEEDED **



Parsed C implicit link information from above output:
  link line regex: [^( *|.*[/\])(ld|([^/\]+-)?ld|collect2)[^/\]*( |$)]
  ignore line: [Change Dir: /Users/yanzixu/Documents/LazGUI/BUILD/CMakeFiles/CMakeTmp]
  ignore line: []
  ignore line: [Run Build Command:/Applications/CMake\ 2.8-12.app/Contents/bin/cmakexbuild -project CMAKE_TRY_COMPILE.xcodeproj build -target cmTryCompileExec3314434415 -configuration Debug]
  ignore line: [2014-11-15 19:15:50.638 xcodebuild[17987:1007] Error loading /Users/yanzixu/Library/Application Support/Developer/Shared/Xcode/Plug-ins/CodePilot3.xcplugin/Contents/MacOS/CodePilot3:  dlopen(/Users/yanzixu/Library/Application Support/Developer/Shared/Xcode/Plug-ins/CodePilot3.xcplugin/Contents/MacOS/CodePilot3, 265): Symbol not found: _OBJC_CLASS_$_IDESourceCodeDocument]
  ignore line: [  Referenced from: /Users/yanzixu/Library/Application Support/Developer/Shared/Xcode/Plug-ins/CodePilot3.xcplugin/Contents/MacOS/CodePilot3]
  ignore line: [  Expected in: flat namespace]
  ignore line: [ in /Users/yanzixu/Library/Application Support/Developer/Shared/Xcode/Plug-ins/CodePilot3.xcplugin/Contents/MacOS/CodePilot3]
  ignore line: [2014-11-15 19:15:50.639 xcodebuild[17987:1007] WARNING: Failed to load plugin at: /Users/yanzixu/Library/Application Support/Developer/Shared/Xcode/Plug-ins/CodePilot3.xcplugin, skipping.  Could not load bundle.]
  ignore line: [=== BUILD TARGET cmTryCompileExec3314434415 OF PROJECT CMAKE_TRY_COMPILE WITH CONFIGURATION Debug ===]
  ignore line: []
  ignore line: [Check dependencies]
  ignore line: []
  ignore line: [CompileC CMAKE_TRY_COMPILE.build/Debug/cmTryCompileExec3314434415.build/Objects-normal/x86_64/CMakeCCompilerABI.o /Applications/CMake\ 2.8-12.app/Contents/share/cmake-2.8/Modules/CMakeCCompilerABI.c normal x86_64 c com.apple.compilers.llvm.clang.1_0.compiler]
  ignore line: [    cd /Users/yanzixu/Documents/LazGUI/BUILD/CMakeFiles/CMakeTmp]
  ignore line: [    /Applications/Xcode.app/Contents/Developer/Toolchains/XcodeDefault.xctoolchain/usr/bin/clang -x c -arch x86_64 -fmessage-length=0 -fdiagnostics-show-note-include-stack -fmacro-backtrace-limit=0 -Wno-trigraphs -fpascal-strings -O0 -Wno-missing-field-initializers -Wno-missing-prototypes -Wno-return-type -Wno-missing-braces -Wparentheses -Wswitch -Wno-unused-function -Wno-unused-label -Wno-unused-parameter -Wno-unused-variable -Wunused-value -Wno-empty-body -Wno-uninitialized -Wno-unknown-pragmas -Wno-shadow -Wno-four-char-constants -Wno-conversion -Wno-constant-conversion -Wno-int-conversion -Wno-bool-conversion -Wno-enum-conversion -Wno-shorten-64-to-32 -Wpointer-sign -Wno-newline-eof -DCMAKE_INTDIR=\"Debug\" -isysroot /Applications/Xcode.app/Contents/Developer/Platforms/MacOSX.platform/Developer/SDKs/MacOSX10.9.sdk -fasm-blocks -fstrict-aliasing -Wdeprecated-declarations -mmacosx-version-min=10.9 -g -Wno-sign-conversion -I/Users/yanzixu/Documents/LazGUI/BUILD/CMakeFiles/CMakeTmp/Debug/include -I/Applications/Xcode.app/Contents/Developer/Toolchains/XcodeDefault.xctoolchain/usr/include -I/Users/yanzixu/Documents/LazGUI/BUILD/CMakeFiles/CMakeTmp/CMAKE_TRY_COMPILE.build/Debug/cmTryCompileExec3314434415.build/DerivedSources/x86_64 -I/Users/yanzixu/Documents/LazGUI/BUILD/CMakeFiles/CMakeTmp/CMAKE_TRY_COMPILE.build/Debug/cmTryCompileExec3314434415.build/DerivedSources -Wmost -Wno-four-char-constants -Wno-unknown-pragmas -F/Users/yanzixu/Documents/LazGUI/BUILD/CMakeFiles/CMakeTmp/Debug -MMD -MT dependencies -MF /Users/yanzixu/Documents/LazGUI/BUILD/CMakeFiles/CMakeTmp/CMAKE_TRY_COMPILE.build/Debug/cmTryCompileExec3314434415.build/Objects-normal/x86_64/CMakeCCompilerABI.d --serialize-diagnostics /Users/yanzixu/Documents/LazGUI/BUILD/CMakeFiles/CMakeTmp/CMAKE_TRY_COMPILE.build/Debug/cmTryCompileExec3314434415.build/Objects-normal/x86_64/CMakeCCompilerABI.dia -c /Applications/CMake\ 2.8-12.app/Contents/share/cmake-2.8/Modules/CMakeCCompilerABI.c -o /Users/yanzixu/Documents/LazGUI/BUILD/CMakeFiles/CMakeTmp/CMAKE_TRY_COMPILE.build/Debug/cmTryCompileExec3314434415.build/Objects-normal/x86_64/CMakeCCompilerABI.o]
  ignore line: []
  ignore line: [Ld Debug/cmTryCompileExec3314434415 normal x86_64]
  ignore line: [    cd /Users/yanzixu/Documents/LazGUI/BUILD/CMakeFiles/CMakeTmp]
  ignore line: [    /Applications/Xcode.app/Contents/Developer/Toolchains/XcodeDefault.xctoolchain/usr/bin/clang -arch x86_64 -isysroot /Applications/Xcode.app/Contents/Developer/Platforms/MacOSX.platform/Developer/SDKs/MacOSX10.9.sdk -L/Users/yanzixu/Documents/LazGUI/BUILD/CMakeFiles/CMakeTmp/Debug -F/Users/yanzixu/Documents/LazGUI/BUILD/CMakeFiles/CMakeTmp/Debug -filelist /Users/yanzixu/Documents/LazGUI/BUILD/CMakeFiles/CMakeTmp/CMAKE_TRY_COMPILE.build/Debug/cmTryCompileExec3314434415.build/Objects-normal/x86_64/cmTryCompileExec3314434415.LinkFileList -mmacosx-version-min=10.9 -v -Wl,-v -Wl,-search_paths_first -Wl,-headerpad_max_install_names -Xlinker -dependency_info -Xlinker /Users/yanzixu/Documents/LazGUI/BUILD/CMakeFiles/CMakeTmp/CMAKE_TRY_COMPILE.build/Debug/cmTryCompileExec3314434415.build/Objects-normal/x86_64/cmTryCompileExec3314434415_dependency_info.dat -o /Users/yanzixu/Documents/LazGUI/BUILD/CMakeFiles/CMakeTmp/Debug/cmTryCompileExec3314434415]
  ignore line: [Apple LLVM version 5.0 (clang-500.2.79) (based on LLVM 3.3svn)]
  ignore line: [Target: x86_64-apple-darwin13.1.0]
  ignore line: [Thread model: posix]
  reduced line: [ "/Applications/Xcode.app/Contents/Developer/Toolchains/XcodeDefault.xctoolchain/usr/bin/ld" -demangle -dynamic -arch x86_64 -macosx_version_min 10.9.0 -syslibroot /Applications/Xcode.app/Contents/Developer/Platforms/MacOSX.platform/Developer/SDKs/MacOSX10.9.sdk -o /Users/yanzixu/Documents/LazGUI/BUILD/CMakeFiles/CMakeTmp/Debug/cmTryCompileExec3314434415 -L/Users/yanzixu/Documents/LazGUI/BUILD/CMakeFiles/CMakeTmp/Debug -filelist /Users/yanzixu/Documents/LazGUI/BUILD/CMakeFiles/CMakeTmp/CMAKE_TRY_COMPILE.build/Debug/cmTryCompileExec3314434415.build/Objects-normal/x86_64/cmTryCompileExec3314434415.LinkFileList -v -search_paths_first -headerpad_max_install_names -dependency_info /Users/yanzixu/Documents/LazGUI/BUILD/CMakeFiles/CMakeTmp/CMAKE_TRY_COMPILE.build/Debug/cmTryCompileExec3314434415.build/Objects-normal/x86_64/cmTryCompileExec3314434415_dependency_info.dat -lSystem /Applications/Xcode.app/Contents/Developer/Toolchains/XcodeDefault.xctoolchain/usr/bin/../lib/clang/5.0/lib/darwin/libclang_rt.osx.a -F/Users/yanzixu/Documents/LazGUI/BUILD/CMakeFiles/CMakeTmp/Debug]
            to: [ "/Applications/Xcode.app/Contents/Developer/Toolchains/XcodeDefault.xctoolchain/usr/bin/ld" -demangle -dynamic -arch x86_64 -macosx_version_min 10.9.0 -syslibroot /Applications/Xcode.app/Contents/Developer/Platforms/MacOSX.platform/Developer/SDKs/MacOSX10.9.sdk -o /Users/yanzixu/Documents/LazGUI/BUILD/CMakeFiles/CMakeTmp/Debug/cmTryCompileExec3314434415 -filelist /Users/yanzixu/Documents/LazGUI/BUILD/CMakeFiles/CMakeTmp/CMAKE_TRY_COMPILE.build/Debug/cmTryCompileExec3314434415.build/Objects-normal/x86_64/cmTryCompileExec3314434415.LinkFileList -v -search_paths_first -headerpad_max_install_names -dependency_info /Users/yanzixu/Documents/LazGUI/BUILD/CMakeFiles/CMakeTmp/CMAKE_TRY_COMPILE.build/Debug/cmTryCompileExec3314434415.build/Objects-normal/x86_64/cmTryCompileExec3314434415_dependency_info.dat -lSystem /Applications/Xcode.app/Contents/Developer/Toolchains/XcodeDefault.xctoolchain/usr/bin/../lib/clang/5.0/lib/darwin/libclang_rt.osx.a ]
  link line: [ "/Applications/Xcode.app/Contents/Developer/Toolchains/XcodeDefault.xctoolchain/usr/bin/ld" -demangle -dynamic -arch x86_64 -macosx_version_min 10.9.0 -syslibroot /Applications/Xcode.app/Contents/Developer/Platforms/MacOSX.platform/Developer/SDKs/MacOSX10.9.sdk -o /Users/yanzixu/Documents/LazGUI/BUILD/CMakeFiles/CMakeTmp/Debug/cmTryCompileExec3314434415 -filelist /Users/yanzixu/Documents/LazGUI/BUILD/CMakeFiles/CMakeTmp/CMAKE_TRY_COMPILE.build/Debug/cmTryCompileExec3314434415.build/Objects-normal/x86_64/cmTryCompileExec3314434415.LinkFileList -v -search_paths_first -headerpad_max_install_names -dependency_info /Users/yanzixu/Documents/LazGUI/BUILD/CMakeFiles/CMakeTmp/CMAKE_TRY_COMPILE.build/Debug/cmTryCompileExec3314434415.build/Objects-normal/x86_64/cmTryCompileExec3314434415_dependency_info.dat -lSystem /Applications/Xcode.app/Contents/Developer/Toolchains/XcodeDefault.xctoolchain/usr/bin/../lib/clang/5.0/lib/darwin/libclang_rt.osx.a ]
    arg [/Applications/Xcode.app/Contents/Developer/Toolchains/XcodeDefault.xctoolchain/usr/bin/ld] ==> ignore
    arg [-demangle] ==> ignore
    arg [-dynamic] ==> ignore
    arg [-arch] ==> ignore
    arg [x86_64] ==> ignore
    arg [-macosx_version_min] ==> ignore
    arg [10.9.0] ==> ignore
    arg [-syslibroot] ==> ignore
    arg [/Applications/Xcode.app/Contents/Developer/Platforms/MacOSX.platform/Developer/SDKs/MacOSX10.9.sdk] ==> ignore
    arg [-o] ==> ignore
    arg [/Users/yanzixu/Documents/LazGUI/BUILD/CMakeFiles/CMakeTmp/Debug/cmTryCompileExec3314434415] ==> ignore
    arg [-filelist] ==> ignore
    arg [/Users/yanzixu/Documents/LazGUI/BUILD/CMakeFiles/CMakeTmp/CMAKE_TRY_COMPILE.build/Debug/cmTryCompileExec3314434415.build/Objects-normal/x86_64/cmTryCompileExec3314434415.LinkFileList] ==> ignore
    arg [-v] ==> ignore
    arg [-search_paths_first] ==> ignore
    arg [-headerpad_max_install_names] ==> ignore
    arg [-dependency_info] ==> ignore
    arg [/Users/yanzixu/Documents/LazGUI/BUILD/CMakeFiles/CMakeTmp/CMAKE_TRY_COMPILE.build/Debug/cmTryCompileExec3314434415.build/Objects-normal/x86_64/cmTryCompileExec3314434415_dependency_info.dat] ==> ignore
    arg [-lSystem] ==> lib [System]
    arg [/Applications/Xcode.app/Contents/Developer/Toolchains/XcodeDefault.xctoolchain/usr/bin/../lib/clang/5.0/lib/darwin/libclang_rt.osx.a] ==> lib [/Applications/Xcode.app/Contents/Developer/Toolchains/XcodeDefault.xctoolchain/usr/bin/../lib/clang/5.0/lib/darwin/libclang_rt.osx.a]
  Library search paths: [;/Users/yanzixu/Documents/LazGUI/BUILD/CMakeFiles/CMakeTmp/Debug;/Applications/Xcode.app/Contents/Developer/Platforms/MacOSX.platform/Developer/SDKs/MacOSX10.9.sdk/usr/lib]
  Framework search paths: [;/Users/yanzixu/Documents/LazGUI/BUILD/CMakeFiles/CMakeTmp/Debug;/Applications/Xcode.app/Contents/Developer/Platforms/MacOSX.platform/Developer/SDKs/MacOSX10.9.sdk/System/Library/Frameworks/]
  remove lib [System]
  collapse lib [/Applications/Xcode.app/Contents/Developer/Toolchains/XcodeDefault.xctoolchain/usr/bin/../lib/clang/5.0/lib/darwin/libclang_rt.osx.a] ==> [/Applications/Xcode.app/Contents/Developer/Toolchains/XcodeDefault.xctoolchain/usr/lib/clang/5.0/lib/darwin/libclang_rt.osx.a]
  collapse library dir [/Users/yanzixu/Documents/LazGUI/BUILD/CMakeFiles/CMakeTmp/Debug] ==> [/Users/yanzixu/Documents/LazGUI/BUILD/CMakeFiles/CMakeTmp/Debug], skipping non-system directory
  collapse library dir [/Applications/Xcode.app/Contents/Developer/Platforms/MacOSX.platform/Developer/SDKs/MacOSX10.9.sdk/usr/lib] ==> [/Applications/Xcode.app/Contents/Developer/Platforms/MacOSX.platform/Developer/SDKs/MacOSX10.9.sdk/usr/lib]
  collapse framework dir [/Users/yanzixu/Documents/LazGUI/BUILD/CMakeFiles/CMakeTmp/Debug] ==> [/Users/yanzixu/Documents/LazGUI/BUILD/CMakeFiles/CMakeTmp/Debug], skipping non-system directory
  collapse framework dir [/Applications/Xcode.app/Contents/Developer/Platforms/MacOSX.platform/Developer/SDKs/MacOSX10.9.sdk/System/Library/Frameworks/] ==> [/Applications/Xcode.app/Contents/Developer/Platforms/MacOSX.platform/Developer/SDKs/MacOSX10.9.sdk/System/Library/Frameworks]
  implicit libs: [/Applications/Xcode.app/Contents/Developer/Toolchains/XcodeDefault.xctoolchain/usr/lib/clang/5.0/lib/darwin/libclang_rt.osx.a]
  implicit dirs: [/Applications/Xcode.app/Contents/Developer/Platforms/MacOSX.platform/Developer/SDKs/MacOSX10.9.sdk/usr/lib]
  implicit fwks: [/Applications/Xcode.app/Contents/Developer/Platforms/MacOSX.platform/Developer/SDKs/MacOSX10.9.sdk/System/Library/Frameworks]


Determining if the CXX compiler works passed with the following output:
Change Dir: /Users/yanzixu/Documents/LazGUI/BUILD/CMakeFiles/CMakeTmp

Run Build Command:/Applications/CMake\ 2.8-12.app/Contents/bin/cmakexbuild -project CMAKE_TRY_COMPILE.xcodeproj build -target cmTryCompileExec2606311547 -configuration Debug
2014-11-15 19:15:51.058 xcodebuild[18001:1007] Error loading /Users/yanzixu/Library/Application Support/Developer/Shared/Xcode/Plug-ins/CodePilot3.xcplugin/Contents/MacOS/CodePilot3:  dlopen(/Users/yanzixu/Library/Application Support/Developer/Shared/Xcode/Plug-ins/CodePilot3.xcplugin/Contents/MacOS/CodePilot3, 265): Symbol not found: _OBJC_CLASS_$_IDESourceCodeDocument
  Referenced from: /Users/yanzixu/Library/Application Support/Developer/Shared/Xcode/Plug-ins/CodePilot3.xcplugin/Contents/MacOS/CodePilot3
  Expected in: flat namespace
 in /Users/yanzixu/Library/Application Support/Developer/Shared/Xcode/Plug-ins/CodePilot3.xcplugin/Contents/MacOS/CodePilot3
2014-11-15 19:15:51.059 xcodebuild[18001:1007] WARNING: Failed to load plugin at: /Users/yanzixu/Library/Application Support/Developer/Shared/Xcode/Plug-ins/CodePilot3.xcplugin, skipping.  Could not load bundle.
=== BUILD TARGET cmTryCompileExec2606311547 OF PROJECT CMAKE_TRY_COMPILE WITH CONFIGURATION Debug ===

Check dependencies

CompileC CMAKE_TRY_COMPILE.build/Debug/cmTryCompileExec2606311547.build/Objects-normal/x86_64/testCXXCompiler.o testCXXCompiler.cxx normal x86_64 c++ com.apple.compilers.llvm.clang.1_0.compiler
    cd /Users/yanzixu/Documents/LazGUI/BUILD/CMakeFiles/CMakeTmp
    /Applications/Xcode.app/Contents/Developer/Toolchains/XcodeDefault.xctoolchain/usr/bin/clang -x c++ -arch x86_64 -fmessage-length=0 -fdiagnostics-show-note-include-stack -fmacro-backtrace-limit=0 -Wno-trigraphs -fpascal-strings -O0 -Wno-missing-field-initializers -Wno-missing-prototypes -Wno-return-type -Wno-non-virtual-dtor -Wno-overloaded-virtual -Wno-exit-time-destructors -Wno-missing-braces -Wparentheses -Wswitch -Wno-unused-function -Wno-unused-label -Wno-unused-parameter -Wno-unused-variable -Wunused-value -Wno-empty-body -Wno-uninitialized -Wno-unknown-pragmas -Wno-shadow -Wno-four-char-constants -Wno-conversion -Wno-constant-conversion -Wno-int-conversion -Wno-bool-conversion -Wno-enum-conversion -Wno-shorten-64-to-32 -Wno-newline-eof -Wno-c++11-extensions -DCMAKE_INTDIR=\"Debug\" -isysroot /Applications/Xcode.app/Contents/Developer/Platforms/MacOSX.platform/Developer/SDKs/MacOSX10.9.sdk -fasm-blocks -fstrict-aliasing -Wdeprecated-declarations -Winvalid-offsetof -mmacosx-version-min=10.9 -Wno-sign-conversion -I/Users/yanzixu/Documents/LazGUI/BUILD/CMakeFiles/CMakeTmp/Debug/include -I/Applications/Xcode.app/Contents/Developer/Toolchains/XcodeDefault.xctoolchain/usr/include -I/Users/yanzixu/Documents/LazGUI/BUILD/CMakeFiles/CMakeTmp/CMAKE_TRY_COMPILE.build/Debug/cmTryCompileExec2606311547.build/DerivedSources/x86_64 -I/Users/yanzixu/Documents/LazGUI/BUILD/CMakeFiles/CMakeTmp/CMAKE_TRY_COMPILE.build/Debug/cmTryCompileExec2606311547.build/DerivedSources -Wmost -Wno-four-char-constants -Wno-unknown-pragmas -F/Users/yanzixu/Documents/LazGUI/BUILD/CMakeFiles/CMakeTmp/Debug -g -MMD -MT dependencies -MF /Users/yanzixu/Documents/LazGUI/BUILD/CMakeFiles/CMakeTmp/CMAKE_TRY_COMPILE.build/Debug/cmTryCompileExec2606311547.build/Objects-normal/x86_64/testCXXCompiler.d --serialize-diagnostics /Users/yanzixu/Documents/LazGUI/BUILD/CMakeFiles/CMakeTmp/CMAKE_TRY_COMPILE.build/Debug/cmTryCompileExec2606311547.build/Objects-normal/x86_64/testCXXCompiler.dia -c /Users/yanzixu/Documents/LazGUI/BUILD/CMakeFiles/CMakeTmp/testCXXCompiler.cxx -o /Users/yanzixu/Documents/LazGUI/BUILD/CMakeFiles/CMakeTmp/CMAKE_TRY_COMPILE.build/Debug/cmTryCompileExec2606311547.build/Objects-normal/x86_64/testCXXCompiler.o

Ld Debug/cmTryCompileExec2606311547 normal x86_64
    cd /Users/yanzixu/Documents/LazGUI/BUILD/CMakeFiles/CMakeTmp
    /Applications/Xcode.app/Contents/Developer/Toolchains/XcodeDefault.xctoolchain/usr/bin/clang++ -arch x86_64 -isysroot /Applications/Xcode.app/Contents/Developer/Platforms/MacOSX.platform/Developer/SDKs/MacOSX10.9.sdk -L/Users/yanzixu/Documents/LazGUI/BUILD/CMakeFiles/CMakeTmp/Debug -F/Users/yanzixu/Documents/LazGUI/BUILD/CMakeFiles/CMakeTmp/Debug -filelist /Users/yanzixu/Documents/LazGUI/BUILD/CMakeFiles/CMakeTmp/CMAKE_TRY_COMPILE.build/Debug/cmTryCompileExec2606311547.build/Objects-normal/x86_64/cmTryCompileExec2606311547.LinkFileList -mmacosx-version-min=10.9 -Wl,-search_paths_first -Wl,-headerpad_max_install_names -Xlinker -dependency_info -Xlinker /Users/yanzixu/Documents/LazGUI/BUILD/CMakeFiles/CMakeTmp/CMAKE_TRY_COMPILE.build/Debug/cmTryCompileExec2606311547.build/Objects-normal/x86_64/cmTryCompileExec2606311547_dependency_info.dat -o /Users/yanzixu/Documents/LazGUI/BUILD/CMakeFiles/CMakeTmp/Debug/cmTryCompileExec2606311547

** BUILD SUCCEEDED **



Detecting CXX compiler ABI info compiled with the following output:
Change Dir: /Users/yanzixu/Documents/LazGUI/BUILD/CMakeFiles/CMakeTmp

Run Build Command:/Applications/CMake\ 2.8-12.app/Contents/bin/cmakexbuild -project CMAKE_TRY_COMPILE.xcodeproj build -target cmTryCompileExec2562177595 -configuration Debug
2014-11-15 19:15:51.468 xcodebuild[18015:1007] Error loading /Users/yanzixu/Library/Application Support/Developer/Shared/Xcode/Plug-ins/CodePilot3.xcplugin/Contents/MacOS/CodePilot3:  dlopen(/Users/yanzixu/Library/Application Support/Developer/Shared/Xcode/Plug-ins/CodePilot3.xcplugin/Contents/MacOS/CodePilot3, 265): Symbol not found: _OBJC_CLASS_$_IDESourceCodeDocument
  Referenced from: /Users/yanzixu/Library/Application Support/Developer/Shared/Xcode/Plug-ins/CodePilot3.xcplugin/Contents/MacOS/CodePilot3
  Expected in: flat namespace
 in /Users/yanzixu/Library/Application Support/Developer/Shared/Xcode/Plug-ins/CodePilot3.xcplugin/Contents/MacOS/CodePilot3
2014-11-15 19:15:51.469 xcodebuild[18015:1007] WARNING: Failed to load plugin at: /Users/yanzixu/Library/Application Support/Developer/Shared/Xcode/Plug-ins/CodePilot3.xcplugin, skipping.  Could not load bundle.
=== BUILD TARGET cmTryCompileExec2562177595 OF PROJECT CMAKE_TRY_COMPILE WITH CONFIGURATION Debug ===

Check dependencies

CompileC CMAKE_TRY_COMPILE.build/Debug/cmTryCompileExec2562177595.build/Objects-normal/x86_64/CMakeCXXCompilerABI.o /Applications/CMake\ 2.8-12.app/Contents/share/cmake-2.8/Modules/CMakeCXXCompilerABI.cpp normal x86_64 c++ com.apple.compilers.llvm.clang.1_0.compiler
    cd /Users/yanzixu/Documents/LazGUI/BUILD/CMakeFiles/CMakeTmp
    /Applications/Xcode.app/Contents/Developer/Toolchains/XcodeDefault.xctoolchain/usr/bin/clang -x c++ -arch x86_64 -fmessage-length=0 -fdiagnostics-show-note-include-stack -fmacro-backtrace-limit=0 -Wno-trigraphs -fpascal-strings -O0 -Wno-missing-field-initializers -Wno-missing-prototypes -Wno-return-type -Wno-non-virtual-dtor -Wno-overloaded-virtual -Wno-exit-time-destructors -Wno-missing-braces -Wparentheses -Wswitch -Wno-unused-function -Wno-unused-label -Wno-unused-parameter -Wno-unused-variable -Wunused-value -Wno-empty-body -Wno-uninitialized -Wno-unknown-pragmas -Wno-shadow -Wno-four-char-constants -Wno-conversion -Wno-constant-conversion -Wno-int-conversion -Wno-bool-conversion -Wno-enum-conversion -Wno-shorten-64-to-32 -Wno-newline-eof -Wno-c++11-extensions -DCMAKE_INTDIR=\"Debug\" -isysroot /Applications/Xcode.app/Contents/Developer/Platforms/MacOSX.platform/Developer/SDKs/MacOSX10.9.sdk -fasm-blocks -fstrict-aliasing -Wdeprecated-declarations -Winvalid-offsetof -mmacosx-version-min=10.9 -Wno-sign-conversion -I/Users/yanzixu/Documents/LazGUI/BUILD/CMakeFiles/CMakeTmp/Debug/include -I/Applications/Xcode.app/Contents/Developer/Toolchains/XcodeDefault.xctoolchain/usr/include -I/Users/yanzixu/Documents/LazGUI/BUILD/CMakeFiles/CMakeTmp/CMAKE_TRY_COMPILE.build/Debug/cmTryCompileExec2562177595.build/DerivedSources/x86_64 -I/Users/yanzixu/Documents/LazGUI/BUILD/CMakeFiles/CMakeTmp/CMAKE_TRY_COMPILE.build/Debug/cmTryCompileExec2562177595.build/DerivedSources -Wmost -Wno-four-char-constants -Wno-unknown-pragmas -F/Users/yanzixu/Documents/LazGUI/BUILD/CMakeFiles/CMakeTmp/Debug -g -MMD -MT dependencies -MF /Users/yanzixu/Documents/LazGUI/BUILD/CMakeFiles/CMakeTmp/CMAKE_TRY_COMPILE.build/Debug/cmTryCompileExec2562177595.build/Objects-normal/x86_64/CMakeCXXCompilerABI.d --serialize-diagnostics /Users/yanzixu/Documents/LazGUI/BUILD/CMakeFiles/CMakeTmp/CMAKE_TRY_COMPILE.build/Debug/cmTryCompileExec2562177595.build/Objects-normal/x86_64/CMakeCXXCompilerABI.dia -c /Applications/CMake\ 2.8-12.app/Contents/share/cmake-2.8/Modules/CMakeCXXCompilerABI.cpp -o /Users/yanzixu/Documents/LazGUI/BUILD/CMakeFiles/CMakeTmp/CMAKE_TRY_COMPILE.build/Debug/cmTryCompileExec2562177595.build/Objects-normal/x86_64/CMakeCXXCompilerABI.o

Ld Debug/cmTryCompileExec2562177595 normal x86_64
    cd /Users/yanzixu/Documents/LazGUI/BUILD/CMakeFiles/CMakeTmp
    /Applications/Xcode.app/Contents/Developer/Toolchains/XcodeDefault.xctoolchain/usr/bin/clang++ -arch x86_64 -isysroot /Applications/Xcode.app/Contents/Developer/Platforms/MacOSX.platform/Developer/SDKs/MacOSX10.9.sdk -L/Users/yanzixu/Documents/LazGUI/BUILD/CMakeFiles/CMakeTmp/Debug -F/Users/yanzixu/Documents/LazGUI/BUILD/CMakeFiles/CMakeTmp/Debug -filelist /Users/yanzixu/Documents/LazGUI/BUILD/CMakeFiles/CMakeTmp/CMAKE_TRY_COMPILE.build/Debug/cmTryCompileExec2562177595.build/Objects-normal/x86_64/cmTryCompileExec2562177595.LinkFileList -mmacosx-version-min=10.9 -v -Wl,-v -Wl,-search_paths_first -Wl,-headerpad_max_install_names -Xlinker -dependency_info -Xlinker /Users/yanzixu/Documents/LazGUI/BUILD/CMakeFiles/CMakeTmp/CMAKE_TRY_COMPILE.build/Debug/cmTryCompileExec2562177595.build/Objects-normal/x86_64/cmTryCompileExec2562177595_dependency_info.dat -o /Users/yanzixu/Documents/LazGUI/BUILD/CMakeFiles/CMakeTmp/Debug/cmTryCompileExec2562177595
Apple LLVM version 5.0 (clang-500.2.79) (based on LLVM 3.3svn)
Target: x86_64-apple-darwin13.1.0
Thread model: posix
 "/Applications/Xcode.app/Contents/Developer/Toolchains/XcodeDefault.xctoolchain/usr/bin/ld" -demangle -dynamic -arch x86_64 -macosx_version_min 10.9.0 -syslibroot /Applications/Xcode.app/Contents/Developer/Platforms/MacOSX.platform/Developer/SDKs/MacOSX10.9.sdk -o /Users/yanzixu/Documents/LazGUI/BUILD/CMakeFiles/CMakeTmp/Debug/cmTryCompileExec2562177595 -L/Users/yanzixu/Documents/LazGUI/BUILD/CMakeFiles/CMakeTmp/Debug -filelist /Users/yanzixu/Documents/LazGUI/BUILD/CMakeFiles/CMakeTmp/CMAKE_TRY_COMPILE.build/Debug/cmTryCompileExec2562177595.build/Objects-normal/x86_64/cmTryCompileExec2562177595.LinkFileList -v -search_paths_first -headerpad_max_install_names -dependency_info /Users/yanzixu/Documents/LazGUI/BUILD/CMakeFiles/CMakeTmp/CMAKE_TRY_COMPILE.build/Debug/cmTryCompileExec2562177595.build/Objects-normal/x86_64/cmTryCompileExec2562177595_dependency_info.dat -lc++ -lSystem /Applications/Xcode.app/Contents/Developer/Toolchains/XcodeDefault.xctoolchain/usr/bin/../lib/clang/5.0/lib/darwin/libclang_rt.osx.a -F/Users/yanzixu/Documents/LazGUI/BUILD/CMakeFiles/CMakeTmp/Debug
@(#)PROGRAM:ld  PROJECT:ld64-224.1
configured to support archs: armv6 armv7 armv7s arm64 i386 x86_64 armv6m armv7m armv7em
Library search paths:
	/Users/yanzixu/Documents/LazGUI/BUILD/CMakeFiles/CMakeTmp/Debug
	/Applications/Xcode.app/Contents/Developer/Platforms/MacOSX.platform/Developer/SDKs/MacOSX10.9.sdk/usr/lib
Framework search paths:
	/Users/yanzixu/Documents/LazGUI/BUILD/CMakeFiles/CMakeTmp/Debug
	/Applications/Xcode.app/Contents/Developer/Platforms/MacOSX.platform/Developer/SDKs/MacOSX10.9.sdk/System/Library/Frameworks/

** BUILD SUCCEEDED **



Parsed CXX implicit link information from above output:
  link line regex: [^( *|.*[/\])(ld|([^/\]+-)?ld|collect2)[^/\]*( |$)]
  ignore line: [Change Dir: /Users/yanzixu/Documents/LazGUI/BUILD/CMakeFiles/CMakeTmp]
  ignore line: []
  ignore line: [Run Build Command:/Applications/CMake\ 2.8-12.app/Contents/bin/cmakexbuild -project CMAKE_TRY_COMPILE.xcodeproj build -target cmTryCompileExec2562177595 -configuration Debug]
  ignore line: [2014-11-15 19:15:51.468 xcodebuild[18015:1007] Error loading /Users/yanzixu/Library/Application Support/Developer/Shared/Xcode/Plug-ins/CodePilot3.xcplugin/Contents/MacOS/CodePilot3:  dlopen(/Users/yanzixu/Library/Application Support/Developer/Shared/Xcode/Plug-ins/CodePilot3.xcplugin/Contents/MacOS/CodePilot3, 265): Symbol not found: _OBJC_CLASS_$_IDESourceCodeDocument]
  ignore line: [  Referenced from: /Users/yanzixu/Library/Application Support/Developer/Shared/Xcode/Plug-ins/CodePilot3.xcplugin/Contents/MacOS/CodePilot3]
  ignore line: [  Expected in: flat namespace]
  ignore line: [ in /Users/yanzixu/Library/Application Support/Developer/Shared/Xcode/Plug-ins/CodePilot3.xcplugin/Contents/MacOS/CodePilot3]
  ignore line: [2014-11-15 19:15:51.469 xcodebuild[18015:1007] WARNING: Failed to load plugin at: /Users/yanzixu/Library/Application Support/Developer/Shared/Xcode/Plug-ins/CodePilot3.xcplugin, skipping.  Could not load bundle.]
  ignore line: [=== BUILD TARGET cmTryCompileExec2562177595 OF PROJECT CMAKE_TRY_COMPILE WITH CONFIGURATION Debug ===]
  ignore line: []
  ignore line: [Check dependencies]
  ignore line: []
  ignore line: [CompileC CMAKE_TRY_COMPILE.build/Debug/cmTryCompileExec2562177595.build/Objects-normal/x86_64/CMakeCXXCompilerABI.o /Applications/CMake\ 2.8-12.app/Contents/share/cmake-2.8/Modules/CMakeCXXCompilerABI.cpp normal x86_64 c++ com.apple.compilers.llvm.clang.1_0.compiler]
  ignore line: [    cd /Users/yanzixu/Documents/LazGUI/BUILD/CMakeFiles/CMakeTmp]
  ignore line: [    /Applications/Xcode.app/Contents/Developer/Toolchains/XcodeDefault.xctoolchain/usr/bin/clang -x c++ -arch x86_64 -fmessage-length=0 -fdiagnostics-show-note-include-stack -fmacro-backtrace-limit=0 -Wno-trigraphs -fpascal-strings -O0 -Wno-missing-field-initializers -Wno-missing-prototypes -Wno-return-type -Wno-non-virtual-dtor -Wno-overloaded-virtual -Wno-exit-time-destructors -Wno-missing-braces -Wparentheses -Wswitch -Wno-unused-function -Wno-unused-label -Wno-unused-parameter -Wno-unused-variable -Wunused-value -Wno-empty-body -Wno-uninitialized -Wno-unknown-pragmas -Wno-shadow -Wno-four-char-constants -Wno-conversion -Wno-constant-conversion -Wno-int-conversion -Wno-bool-conversion -Wno-enum-conversion -Wno-shorten-64-to-32 -Wno-newline-eof -Wno-c++11-extensions -DCMAKE_INTDIR=\"Debug\" -isysroot /Applications/Xcode.app/Contents/Developer/Platforms/MacOSX.platform/Developer/SDKs/MacOSX10.9.sdk -fasm-blocks -fstrict-aliasing -Wdeprecated-declarations -Winvalid-offsetof -mmacosx-version-min=10.9 -Wno-sign-conversion -I/Users/yanzixu/Documents/LazGUI/BUILD/CMakeFiles/CMakeTmp/Debug/include -I/Applications/Xcode.app/Contents/Developer/Toolchains/XcodeDefault.xctoolchain/usr/include -I/Users/yanzixu/Documents/LazGUI/BUILD/CMakeFiles/CMakeTmp/CMAKE_TRY_COMPILE.build/Debug/cmTryCompileExec2562177595.build/DerivedSources/x86_64 -I/Users/yanzixu/Documents/LazGUI/BUILD/CMakeFiles/CMakeTmp/CMAKE_TRY_COMPILE.build/Debug/cmTryCompileExec2562177595.build/DerivedSources -Wmost -Wno-four-char-constants -Wno-unknown-pragmas -F/Users/yanzixu/Documents/LazGUI/BUILD/CMakeFiles/CMakeTmp/Debug -g -MMD -MT dependencies -MF /Users/yanzixu/Documents/LazGUI/BUILD/CMakeFiles/CMakeTmp/CMAKE_TRY_COMPILE.build/Debug/cmTryCompileExec2562177595.build/Objects-normal/x86_64/CMakeCXXCompilerABI.d --serialize-diagnostics /Users/yanzixu/Documents/LazGUI/BUILD/CMakeFiles/CMakeTmp/CMAKE_TRY_COMPILE.build/Debug/cmTryCompileExec2562177595.build/Objects-normal/x86_64/CMakeCXXCompilerABI.dia -c /Applications/CMake\ 2.8-12.app/Contents/share/cmake-2.8/Modules/CMakeCXXCompilerABI.cpp -o /Users/yanzixu/Documents/LazGUI/BUILD/CMakeFiles/CMakeTmp/CMAKE_TRY_COMPILE.build/Debug/cmTryCompileExec2562177595.build/Objects-normal/x86_64/CMakeCXXCompilerABI.o]
  ignore line: []
  ignore line: [Ld Debug/cmTryCompileExec2562177595 normal x86_64]
  ignore line: [    cd /Users/yanzixu/Documents/LazGUI/BUILD/CMakeFiles/CMakeTmp]
  ignore line: [    /Applications/Xcode.app/Contents/Developer/Toolchains/XcodeDefault.xctoolchain/usr/bin/clang++ -arch x86_64 -isysroot /Applications/Xcode.app/Contents/Developer/Platforms/MacOSX.platform/Developer/SDKs/MacOSX10.9.sdk -L/Users/yanzixu/Documents/LazGUI/BUILD/CMakeFiles/CMakeTmp/Debug -F/Users/yanzixu/Documents/LazGUI/BUILD/CMakeFiles/CMakeTmp/Debug -filelist /Users/yanzixu/Documents/LazGUI/BUILD/CMakeFiles/CMakeTmp/CMAKE_TRY_COMPILE.build/Debug/cmTryCompileExec2562177595.build/Objects-normal/x86_64/cmTryCompileExec2562177595.LinkFileList -mmacosx-version-min=10.9 -v -Wl,-v -Wl,-search_paths_first -Wl,-headerpad_max_install_names -Xlinker -dependency_info -Xlinker /Users/yanzixu/Documents/LazGUI/BUILD/CMakeFiles/CMakeTmp/CMAKE_TRY_COMPILE.build/Debug/cmTryCompileExec2562177595.build/Objects-normal/x86_64/cmTryCompileExec2562177595_dependency_info.dat -o /Users/yanzixu/Documents/LazGUI/BUILD/CMakeFiles/CMakeTmp/Debug/cmTryCompileExec2562177595]
  ignore line: [Apple LLVM version 5.0 (clang-500.2.79) (based on LLVM 3.3svn)]
  ignore line: [Target: x86_64-apple-darwin13.1.0]
  ignore line: [Thread model: posix]
  reduced line: [ "/Applications/Xcode.app/Contents/Developer/Toolchains/XcodeDefault.xctoolchain/usr/bin/ld" -demangle -dynamic -arch x86_64 -macosx_version_min 10.9.0 -syslibroot /Applications/Xcode.app/Contents/Developer/Platforms/MacOSX.platform/Developer/SDKs/MacOSX10.9.sdk -o /Users/yanzixu/Documents/LazGUI/BUILD/CMakeFiles/CMakeTmp/Debug/cmTryCompileExec2562177595 -L/Users/yanzixu/Documents/LazGUI/BUILD/CMakeFiles/CMakeTmp/Debug -filelist /Users/yanzixu/Documents/LazGUI/BUILD/CMakeFiles/CMakeTmp/CMAKE_TRY_COMPILE.build/Debug/cmTryCompileExec2562177595.build/Objects-normal/x86_64/cmTryCompileExec2562177595.LinkFileList -v -search_paths_first -headerpad_max_install_names -dependency_info /Users/yanzixu/Documents/LazGUI/BUILD/CMakeFiles/CMakeTmp/CMAKE_TRY_COMPILE.build/Debug/cmTryCompileExec2562177595.build/Objects-normal/x86_64/cmTryCompileExec2562177595_dependency_info.dat -lc++ -lSystem /Applications/Xcode.app/Contents/Developer/Toolchains/XcodeDefault.xctoolchain/usr/bin/../lib/clang/5.0/lib/darwin/libclang_rt.osx.a -F/Users/yanzixu/Documents/LazGUI/BUILD/CMakeFiles/CMakeTmp/Debug]
            to: [ "/Applications/Xcode.app/Contents/Developer/Toolchains/XcodeDefault.xctoolchain/usr/bin/ld" -demangle -dynamic -arch x86_64 -macosx_version_min 10.9.0 -syslibroot /Applications/Xcode.app/Contents/Developer/Platforms/MacOSX.platform/Developer/SDKs/MacOSX10.9.sdk -o /Users/yanzixu/Documents/LazGUI/BUILD/CMakeFiles/CMakeTmp/Debug/cmTryCompileExec2562177595 -filelist /Users/yanzixu/Documents/LazGUI/BUILD/CMakeFiles/CMakeTmp/CMAKE_TRY_COMPILE.build/Debug/cmTryCompileExec2562177595.build/Objects-normal/x86_64/cmTryCompileExec2562177595.LinkFileList -v -search_paths_first -headerpad_max_install_names -dependency_info /Users/yanzixu/Documents/LazGUI/BUILD/CMakeFiles/CMakeTmp/CMAKE_TRY_COMPILE.build/Debug/cmTryCompileExec2562177595.build/Objects-normal/x86_64/cmTryCompileExec2562177595_dependency_info.dat -lc++ -lSystem /Applications/Xcode.app/Contents/Developer/Toolchains/XcodeDefault.xctoolchain/usr/bin/../lib/clang/5.0/lib/darwin/libclang_rt.osx.a ]
  link line: [ "/Applications/Xcode.app/Contents/Developer/Toolchains/XcodeDefault.xctoolchain/usr/bin/ld" -demangle -dynamic -arch x86_64 -macosx_version_min 10.9.0 -syslibroot /Applications/Xcode.app/Contents/Developer/Platforms/MacOSX.platform/Developer/SDKs/MacOSX10.9.sdk -o /Users/yanzixu/Documents/LazGUI/BUILD/CMakeFiles/CMakeTmp/Debug/cmTryCompileExec2562177595 -filelist /Users/yanzixu/Documents/LazGUI/BUILD/CMakeFiles/CMakeTmp/CMAKE_TRY_COMPILE.build/Debug/cmTryCompileExec2562177595.build/Objects-normal/x86_64/cmTryCompileExec2562177595.LinkFileList -v -search_paths_first -headerpad_max_install_names -dependency_info /Users/yanzixu/Documents/LazGUI/BUILD/CMakeFiles/CMakeTmp/CMAKE_TRY_COMPILE.build/Debug/cmTryCompileExec2562177595.build/Objects-normal/x86_64/cmTryCompileExec2562177595_dependency_info.dat -lc++ -lSystem /Applications/Xcode.app/Contents/Developer/Toolchains/XcodeDefault.xctoolchain/usr/bin/../lib/clang/5.0/lib/darwin/libclang_rt.osx.a ]
    arg [/Applications/Xcode.app/Contents/Developer/Toolchains/XcodeDefault.xctoolchain/usr/bin/ld] ==> ignore
    arg [-demangle] ==> ignore
    arg [-dynamic] ==> ignore
    arg [-arch] ==> ignore
    arg [x86_64] ==> ignore
    arg [-macosx_version_min] ==> ignore
    arg [10.9.0] ==> ignore
    arg [-syslibroot] ==> ignore
    arg [/Applications/Xcode.app/Contents/Developer/Platforms/MacOSX.platform/Developer/SDKs/MacOSX10.9.sdk] ==> ignore
    arg [-o] ==> ignore
    arg [/Users/yanzixu/Documents/LazGUI/BUILD/CMakeFiles/CMakeTmp/Debug/cmTryCompileExec2562177595] ==> ignore
    arg [-filelist] ==> ignore
    arg [/Users/yanzixu/Documents/LazGUI/BUILD/CMakeFiles/CMakeTmp/CMAKE_TRY_COMPILE.build/Debug/cmTryCompileExec2562177595.build/Objects-normal/x86_64/cmTryCompileExec2562177595.LinkFileList] ==> ignore
    arg [-v] ==> ignore
    arg [-search_paths_first] ==> ignore
    arg [-headerpad_max_install_names] ==> ignore
    arg [-dependency_info] ==> ignore
    arg [/Users/yanzixu/Documents/LazGUI/BUILD/CMakeFiles/CMakeTmp/CMAKE_TRY_COMPILE.build/Debug/cmTryCompileExec2562177595.build/Objects-normal/x86_64/cmTryCompileExec2562177595_dependency_info.dat] ==> ignore
    arg [-lc++] ==> lib [c++]
    arg [-lSystem] ==> lib [System]
    arg [/Applications/Xcode.app/Contents/Developer/Toolchains/XcodeDefault.xctoolchain/usr/bin/../lib/clang/5.0/lib/darwin/libclang_rt.osx.a] ==> lib [/Applications/Xcode.app/Contents/Developer/Toolchains/XcodeDefault.xctoolchain/usr/bin/../lib/clang/5.0/lib/darwin/libclang_rt.osx.a]
  Library search paths: [;/Users/yanzixu/Documents/LazGUI/BUILD/CMakeFiles/CMakeTmp/Debug;/Applications/Xcode.app/Contents/Developer/Platforms/MacOSX.platform/Developer/SDKs/MacOSX10.9.sdk/usr/lib]
  Framework search paths: [;/Users/yanzixu/Documents/LazGUI/BUILD/CMakeFiles/CMakeTmp/Debug;/Applications/Xcode.app/Contents/Developer/Platforms/MacOSX.platform/Developer/SDKs/MacOSX10.9.sdk/System/Library/Frameworks/]
  remove lib [System]
  collapse lib [/Applications/Xcode.app/Contents/Developer/Toolchains/XcodeDefault.xctoolchain/usr/bin/../lib/clang/5.0/lib/darwin/libclang_rt.osx.a] ==> [/Applications/Xcode.app/Contents/Developer/Toolchains/XcodeDefault.xctoolchain/usr/lib/clang/5.0/lib/darwin/libclang_rt.osx.a]
  collapse library dir [/Users/yanzixu/Documents/LazGUI/BUILD/CMakeFiles/CMakeTmp/Debug] ==> [/Users/yanzixu/Documents/LazGUI/BUILD/CMakeFiles/CMakeTmp/Debug], skipping non-system directory
  collapse library dir [/Applications/Xcode.app/Contents/Developer/Platforms/MacOSX.platform/Developer/SDKs/MacOSX10.9.sdk/usr/lib] ==> [/Applications/Xcode.app/Contents/Developer/Platforms/MacOSX.platform/Developer/SDKs/MacOSX10.9.sdk/usr/lib]
  collapse framework dir [/Users/yanzixu/Documents/LazGUI/BUILD/CMakeFiles/CMakeTmp/Debug] ==> [/Users/yanzixu/Documents/LazGUI/BUILD/CMakeFiles/CMakeTmp/Debug], skipping non-system directory
  collapse framework dir [/Applications/Xcode.app/Contents/Developer/Platforms/MacOSX.platform/Developer/SDKs/MacOSX10.9.sdk/System/Library/Frameworks/] ==> [/Applications/Xcode.app/Contents/Developer/Platforms/MacOSX.platform/Developer/SDKs/MacOSX10.9.sdk/System/Library/Frameworks]
  implicit libs: [c++;/Applications/Xcode.app/Contents/Developer/Toolchains/XcodeDefault.xctoolchain/usr/lib/clang/5.0/lib/darwin/libclang_rt.osx.a]
  implicit dirs: [/Applications/Xcode.app/Contents/Developer/Platforms/MacOSX.platform/Developer/SDKs/MacOSX10.9.sdk/usr/lib]
  implicit fwks: [/Applications/Xcode.app/Contents/Developer/Platforms/MacOSX.platform/Developer/SDKs/MacOSX10.9.sdk/System/Library/Frameworks]


Determining if the Q_WS_MAC exist passed with the following output:
Change Dir: /Users/yanzixu/Documents/LazGUI/BUILD/CMakeFiles/CMakeTmp

Run Build Command:/Applications/CMake\ 2.8-12.app/Contents/bin/cmakexbuild -project CMAKE_TRY_COMPILE.xcodeproj build -target cmTryCompileExec1019304932 -configuration Debug
2014-11-15 19:15:53.705 xcodebuild[18079:1007] Error loading /Users/yanzixu/Library/Application Support/Developer/Shared/Xcode/Plug-ins/CodePilot3.xcplugin/Contents/MacOS/CodePilot3:  dlopen(/Users/yanzixu/Library/Application Support/Developer/Shared/Xcode/Plug-ins/CodePilot3.xcplugin/Contents/MacOS/CodePilot3, 265): Symbol not found: _OBJC_CLASS_$_IDESourceCodeDocument
  Referenced from: /Users/yanzixu/Library/Application Support/Developer/Shared/Xcode/Plug-ins/CodePilot3.xcplugin/Contents/MacOS/CodePilot3
  Expected in: flat namespace
 in /Users/yanzixu/Library/Application Support/Developer/Shared/Xcode/Plug-ins/CodePilot3.xcplugin/Contents/MacOS/CodePilot3
2014-11-15 19:15:53.705 xcodebuild[18079:1007] WARNING: Failed to load plugin at: /Users/yanzixu/Library/Application Support/Developer/Shared/Xcode/Plug-ins/CodePilot3.xcplugin, skipping.  Could not load bundle.
=== BUILD TARGET cmTryCompileExec1019304932 OF PROJECT CMAKE_TRY_COMPILE WITH CONFIGURATION Debug ===

Check dependencies

CompileC CMAKE_TRY_COMPILE.build/Debug/cmTryCompileExec1019304932.build/Objects-normal/x86_64/CheckSymbolExists.o CheckSymbolExists.cxx normal x86_64 c++ com.apple.compilers.llvm.clang.1_0.compiler
    cd /Users/yanzixu/Documents/LazGUI/BUILD/CMakeFiles/CMakeTmp
    /Applications/Xcode.app/Contents/Developer/Toolchains/XcodeDefault.xctoolchain/usr/bin/clang -x c++ -arch x86_64 -fmessage-length=0 -fdiagnostics-show-note-include-stack -fmacro-backtrace-limit=0 -Wno-trigraphs -fpascal-strings -O0 -Wno-missing-field-initializers -Wno-missing-prototypes -Wno-return-type -Wno-non-virtual-dtor -Wno-overloaded-virtual -Wno-exit-time-destructors -Wno-missing-braces -Wparentheses -Wswitch -Wno-unused-function -Wno-unused-label -Wno-unused-parameter -Wno-unused-variable -Wunused-value -Wno-empty-body -Wno-uninitialized -Wno-unknown-pragmas -Wno-shadow -Wno-four-char-constants -Wno-conversion -Wno-constant-conversion -Wno-int-conversion -Wno-bool-conversion -Wno-enum-conversion -Wno-shorten-64-to-32 -Wno-newline-eof -Wno-c++11-extensions -DCMAKE_INTDIR=\"Debug\" -isysroot /Applications/Xcode.app/Contents/Developer/Platforms/MacOSX.platform/Developer/SDKs/MacOSX10.9.sdk -fasm-blocks -fstrict-aliasing -Wdeprecated-declarations -Winvalid-offsetof -mmacosx-version-min=10.9 -Wno-sign-conversion -I/Users/yanzixu/Documents/LazGUI/BUILD/CMakeFiles/CMakeTmp/Debug/include -I/Applications/Xcode.app/Contents/Developer/Toolchains/XcodeDefault.xctoolchain/usr/include -I/Users/yanzixu/Documents/LazGUI/BUILD/CMakeFiles/CMakeTmp/CMAKE_TRY_COMPILE.build/Debug/cmTryCompileExec1019304932.build/DerivedSources/x86_64 -I/Users/yanzixu/Documents/LazGUI/BUILD/CMakeFiles/CMakeTmp/CMAKE_TRY_COMPILE.build/Debug/cmTryCompileExec1019304932.build/DerivedSources -Wmost -Wno-four-char-constants -Wno-unknown-pragmas -F/Users/yanzixu/Documents/LazGUI/BUILD/CMakeFiles/CMakeTmp/Debug -F/Library/Frameworks -g -MMD -MT dependencies -MF /Users/yanzixu/Documents/LazGUI/BUILD/CMakeFiles/CMakeTmp/CMAKE_TRY_COMPILE.build/Debug/cmTryCompileExec1019304932.build/Objects-normal/x86_64/CheckSymbolExists.d --serialize-diagnostics /Users/yanzixu/Documents/LazGUI/BUILD/CMakeFiles/CMakeTmp/CMAKE_TRY_COMPILE.build/Debug/cmTryCompileExec1019304932.build/Objects-normal/x86_64/CheckSymbolExists.dia -c /Users/yanzixu/Documents/LazGUI/BUILD/CMakeFiles/CMakeTmp/CheckSymbolExists.cxx -o /Users/yanzixu/Documents/LazGUI/BUILD/CMakeFiles/CMakeTmp/CMAKE_TRY_COMPILE.build/Debug/cmTryCompileExec1019304932.build/Objects-normal/x86_64/CheckSymbolExists.o

Ld Debug/cmTryCompileExec1019304932 normal x86_64
    cd /Users/yanzixu/Documents/LazGUI/BUILD/CMakeFiles/CMakeTmp
    /Applications/Xcode.app/Contents/Developer/Toolchains/XcodeDefault.xctoolchain/usr/bin/clang++ -arch x86_64 -isysroot /Applications/Xcode.app/Contents/Developer/Platforms/MacOSX.platform/Developer/SDKs/MacOSX10.9.sdk -L/Users/yanzixu/Documents/LazGUI/BUILD/CMakeFiles/CMakeTmp/Debug -F/Users/yanzixu/Documents/LazGUI/BUILD/CMakeFiles/CMakeTmp/Debug -F/Library/Frameworks -filelist /Users/yanzixu/Documents/LazGUI/BUILD/CMakeFiles/CMakeTmp/CMAKE_TRY_COMPILE.build/Debug/cmTryCompileExec1019304932.build/Objects-normal/x86_64/cmTryCompileExec1019304932.LinkFileList -mmacosx-version-min=10.9 -Wl,-search_paths_first -Wl,-headerpad_max_install_names -Xlinker -dependency_info -Xlinker /Users/yanzixu/Documents/LazGUI/BUILD/CMakeFiles/CMakeTmp/CMAKE_TRY_COMPILE.build/Debug/cmTryCompileExec1019304932.build/Objects-normal/x86_64/cmTryCompileExec1019304932_dependency_info.dat -o /Users/yanzixu/Documents/LazGUI/BUILD/CMakeFiles/CMakeTmp/Debug/cmTryCompileExec1019304932

** BUILD SUCCEEDED **


File /Users/yanzixu/Documents/LazGUI/BUILD/CMakeFiles/CMakeTmp/CheckSymbolExists.cxx:
/* */
#include <QtCore/qglobal.h>

int main(int argc, char** argv)
{
  (void)argv;
#ifndef Q_WS_MAC
  return ((int*)(&Q_WS_MAC))[argc];
#else
  (void)argc;
  return 0;
#endif
}

Determining if the QT_MAC_USE_COCOA exist passed with the following output:
Change Dir: /Users/yanzixu/Documents/LazGUI/BUILD/CMakeFiles/CMakeTmp

Run Build Command:/Applications/CMake\ 2.8-12.app/Contents/bin/cmakexbuild -project CMAKE_TRY_COMPILE.xcodeproj build -target cmTryCompileExec3020169784 -configuration Debug
2014-11-15 19:15:54.177 xcodebuild[18093:1007] Error loading /Users/yanzixu/Library/Application Support/Developer/Shared/Xcode/Plug-ins/CodePilot3.xcplugin/Contents/MacOS/CodePilot3:  dlopen(/Users/yanzixu/Library/Application Support/Developer/Shared/Xcode/Plug-ins/CodePilot3.xcplugin/Contents/MacOS/CodePilot3, 265): Symbol not found: _OBJC_CLASS_$_IDESourceCodeDocument
  Referenced from: /Users/yanzixu/Library/Application Support/Developer/Shared/Xcode/Plug-ins/CodePilot3.xcplugin/Contents/MacOS/CodePilot3
  Expected in: flat namespace
 in /Users/yanzixu/Library/Application Support/Developer/Shared/Xcode/Plug-ins/CodePilot3.xcplugin/Contents/MacOS/CodePilot3
2014-11-15 19:15:54.178 xcodebuild[18093:1007] WARNING: Failed to load plugin at: /Users/yanzixu/Library/Application Support/Developer/Shared/Xcode/Plug-ins/CodePilot3.xcplugin, skipping.  Could not load bundle.
=== BUILD TARGET cmTryCompileExec3020169784 OF PROJECT CMAKE_TRY_COMPILE WITH CONFIGURATION Debug ===

Check dependencies

CompileC CMAKE_TRY_COMPILE.build/Debug/cmTryCompileExec3020169784.build/Objects-normal/x86_64/CheckSymbolExists.o CheckSymbolExists.cxx normal x86_64 c++ com.apple.compilers.llvm.clang.1_0.compiler
    cd /Users/yanzixu/Documents/LazGUI/BUILD/CMakeFiles/CMakeTmp
    /Applications/Xcode.app/Contents/Developer/Toolchains/XcodeDefault.xctoolchain/usr/bin/clang -x c++ -arch x86_64 -fmessage-length=0 -fdiagnostics-show-note-include-stack -fmacro-backtrace-limit=0 -Wno-trigraphs -fpascal-strings -O0 -Wno-missing-field-initializers -Wno-missing-prototypes -Wno-return-type -Wno-non-virtual-dtor -Wno-overloaded-virtual -Wno-exit-time-destructors -Wno-missing-braces -Wparentheses -Wswitch -Wno-unused-function -Wno-unused-label -Wno-unused-parameter -Wno-unused-variable -Wunused-value -Wno-empty-body -Wno-uninitialized -Wno-unknown-pragmas -Wno-shadow -Wno-four-char-constants -Wno-conversion -Wno-constant-conversion -Wno-int-conversion -Wno-bool-conversion -Wno-enum-conversion -Wno-shorten-64-to-32 -Wno-newline-eof -Wno-c++11-extensions -DCMAKE_INTDIR=\"Debug\" -isysroot /Applications/Xcode.app/Contents/Developer/Platforms/MacOSX.platform/Developer/SDKs/MacOSX10.9.sdk -fasm-blocks -fstrict-aliasing -Wdeprecated-declarations -Winvalid-offsetof -mmacosx-version-min=10.9 -Wno-sign-conversion -I/Users/yanzixu/Documents/LazGUI/BUILD/CMakeFiles/CMakeTmp/Debug/include -I/Applications/Xcode.app/Contents/Developer/Toolchains/XcodeDefault.xctoolchain/usr/include -I/Users/yanzixu/Documents/LazGUI/BUILD/CMakeFiles/CMakeTmp/CMAKE_TRY_COMPILE.build/Debug/cmTryCompileExec3020169784.build/DerivedSources/x86_64 -I/Users/yanzixu/Documents/LazGUI/BUILD/CMakeFiles/CMakeTmp/CMAKE_TRY_COMPILE.build/Debug/cmTryCompileExec3020169784.build/DerivedSources -Wmost -Wno-four-char-constants -Wno-unknown-pragmas -F/Users/yanzixu/Documents/LazGUI/BUILD/CMakeFiles/CMakeTmp/Debug -F/Library/Frameworks -g -MMD -MT dependencies -MF /Users/yanzixu/Documents/LazGUI/BUILD/CMakeFiles/CMakeTmp/CMAKE_TRY_COMPILE.build/Debug/cmTryCompileExec3020169784.build/Objects-normal/x86_64/CheckSymbolExists.d --serialize-diagnostics /Users/yanzixu/Documents/LazGUI/BUILD/CMakeFiles/CMakeTmp/CMAKE_TRY_COMPILE.build/Debug/cmTryCompileExec3020169784.build/Objects-normal/x86_64/CheckSymbolExists.dia -c /Users/yanzixu/Documents/LazGUI/BUILD/CMakeFiles/CMakeTmp/CheckSymbolExists.cxx -o /Users/yanzixu/Documents/LazGUI/BUILD/CMakeFiles/CMakeTmp/CMAKE_TRY_COMPILE.build/Debug/cmTryCompileExec3020169784.build/Objects-normal/x86_64/CheckSymbolExists.o

Ld Debug/cmTryCompileExec3020169784 normal x86_64
    cd /Users/yanzixu/Documents/LazGUI/BUILD/CMakeFiles/CMakeTmp
    /Applications/Xcode.app/Contents/Developer/Toolchains/XcodeDefault.xctoolchain/usr/bin/clang++ -arch x86_64 -isysroot /Applications/Xcode.app/Contents/Developer/Platforms/MacOSX.platform/Developer/SDKs/MacOSX10.9.sdk -L/Users/yanzixu/Documents/LazGUI/BUILD/CMakeFiles/CMakeTmp/Debug -F/Users/yanzixu/Documents/LazGUI/BUILD/CMakeFiles/CMakeTmp/Debug -F/Library/Frameworks -filelist /Users/yanzixu/Documents/LazGUI/BUILD/CMakeFiles/CMakeTmp/CMAKE_TRY_COMPILE.build/Debug/cmTryCompileExec3020169784.build/Objects-normal/x86_64/cmTryCompileExec3020169784.LinkFileList -mmacosx-version-min=10.9 -Wl,-search_paths_first -Wl,-headerpad_max_install_names -Xlinker -dependency_info -Xlinker /Users/yanzixu/Documents/LazGUI/BUILD/CMakeFiles/CMakeTmp/CMAKE_TRY_COMPILE.build/Debug/cmTryCompileExec3020169784.build/Objects-normal/x86_64/cmTryCompileExec3020169784_dependency_info.dat -o /Users/yanzixu/Documents/LazGUI/BUILD/CMakeFiles/CMakeTmp/Debug/cmTryCompileExec3020169784

** BUILD SUCCEEDED **


File /Users/yanzixu/Documents/LazGUI/BUILD/CMakeFiles/CMakeTmp/CheckSymbolExists.cxx:
/* */
#include <QtCore/qconfig.h>

int main(int argc, char** argv)
{
  (void)argv;
#ifndef QT_MAC_USE_COCOA
  return ((int*)(&QT_MAC_USE_COCOA))[argc];
#else
  (void)argc;
  return 0;
#endif
}

